Extensions server started at http://localhost:45653/
Checking for updates...
[15:16:10:0889] [info] Checking for update
[15:16:10:0979] [error] Error: Error: ENOENT: no such file or directory, open '/snap/standard-notes/8/resources/app-update.yml'
(node:4758) UnhandledPromiseRejectionWarning: Error: ENOENT: no such file or directory, open '/snap/standard-notes/8/resources/app-update.yml'
(node:4758) UnhandledPromiseRejectionWarning: Unhandled promise rejection. This error originated either by throwing inside of an async function without a catch block, or by rejecting a promise which was not handled with .catch(). (rejection id: 1)
(node:4758) [DEP0018] DeprecationWarning: Unhandled promise rejections are deprecated. In the future, promise rejections that are not handled will terminate the Node.js process with a non-zero exit code.
Finished checking for updates. Latest version: 
        3.3.5 Current version: 3.3.5
Syncing components: 2
Data backup succesfully saved:  2020-04-22T22-16-48.396Z.txt
Gdk-Message: 20:17:48.349: evince: Fatal IO error 11 (Resource temporarily unavailable) on X server :0.

Discord 0.0.10
Starting app.
Starting updater.
[Modules] Modules initializing
[Modules] Distribution: remote
[Modules] Host updates: enabled
[Modules] Module updates: enabled
[Modules] Module install path: /home/a/.config/discord/0.0.10/modules
[Modules] Module installed file path: /home/a/.config/discord/0.0.10/modules/installed.json
[Modules] Module download path: /home/a/.config/discord/0.0.10/modules/pending
[17951:0423/014811.714340:ERROR:buffer_manager.cc(488)] [.DisplayCompositor]GL ERROR :GL_INVALID_OPERATION : glBufferData: <- error from previous GL command
[Modules] No updates to install
[Modules] Checking for host updates.
[Modules] Host is up to date.
[Modules] Checking for module updates at https://discordapp.com/api/modules/stable/versions.json
[Modules] No module updates available.
[17951:0423/014812.411351:ERROR:buffer_manager.cc(488)] [.DisplayCompositor]GL ERROR :GL_INVALID_OPERATION : glBufferData: <- error from previous GL command
[Modules] Starting to install discord_krisp...
[Modules] Fetching discord_krisp@0 from https://discordapp.com/api/modules/stable/discord_krisp/0
[Modules] Streaming discord_krisp@0 to /home/a/.config/discord/0.0.10/modules/pending/discord_krisp-0.zip
Error downloading with electron net: HTTP Error: Status Code 403
Falling back to node net library..
(electron) 'isAccessibilitySupportEnabled function' is deprecated and will be removed. Please use 'accessibilitySupportEnabled property' instead.
(electron) 'setBadgeCount function' is deprecated and will be removed. Please use 'badgeCount property' instead.
[Modules] Failed fetching module discord_krisp@0: Error: HTTP Error: Status Code 403
[Modules] Finished module downloads. [success: 0] [failure: 1]
